<?xml version="1.0" encoding="UTF-8"?>
<!-- Generated by org.testng.reporters.JUnitXMLReporter -->
<testsuite hostname="CA-L1B8YL72" ignored="2" name="Default test" tests="1" failures="0" timestamp="27 Feb 2019 19:58:56 GMT" time="0.099" errors="0">
  <testcase name="TestReadWriteForEachDataRow" time="0.0" classname="testNGTesing.DDTestusingExcel_UsingExcelReadWrite_Methods">
    <skipped/>
  </testcase> <!-- TestReadWriteForEachDataRow -->
  <testcase name="testWriteExcelDataOnSpecificCell" time="0.0" classname="testNGTesing.DDTestusingExcel_UsingExcelReadWrite_Methods">
    <ignored/>
  </testcase> <!-- testWriteExcelDataOnSpecificCell -->
  <testcase name="testForEachDataRow" time="0.0" classname="testNGTesing.DDTestusingExcel_UsingExcelReadWrite_Methods">
    <ignored/>
  </testcase> <!-- testForEachDataRow -->
</testsuite> <!-- Default test -->
