<?xml version="1.0" encoding="UTF-8"?>
<!-- Generated by org.testng.reporters.JUnitXMLReporter -->
<testsuite hostname="CA-L1B8YL72" ignored="15" name="Default test" tests="1" failures="0" timestamp="26 Mar 2019 20:45:58 GMT" time="35.245" errors="0">
  <testcase name="writeText" time="28.559" classname="testNGTesing.JavaScriptExecutorTest"/>
  <testcase name="drawBorder" time="0.0" classname="testNGTesing.JavaScriptExecutorTest">
    <ignored/>
  </testcase> <!-- drawBorder -->
  <testcase name="scrollDown" time="0.0" classname="testNGTesing.JavaScriptExecutorTest">
    <ignored/>
  </testcase> <!-- scrollDown -->
  <testcase name="displayDomain" time="0.0" classname="testNGTesing.JavaScriptExecutorTest">
    <ignored/>
  </testcase> <!-- displayDomain -->
  <testcase name="checkBoxTest" time="0.0" classname="testNGTesing.JavaScriptExecutorTest">
    <ignored/>
  </testcase> <!-- checkBoxTest -->
  <testcase name="mouseHoverTest" time="0.0" classname="testNGTesing.JavaScriptExecutorTest">
    <ignored/>
  </testcase> <!-- mouseHoverTest -->
  <testcase name="flashElement" time="0.0" classname="testNGTesing.JavaScriptExecutorTest">
    <ignored/>
  </testcase> <!-- flashElement -->
  <testcase name="scrollDownTillElement" time="0.0" classname="testNGTesing.JavaScriptExecutorTest">
    <ignored/>
  </testcase> <!-- scrollDownTillElement -->
  <testcase name="jsClick" time="0.0" classname="testNGTesing.JavaScriptExecutorTest">
    <ignored/>
  </testcase> <!-- jsClick -->
  <testcase name="navigateToTest" time="0.0" classname="testNGTesing.JavaScriptExecutorTest">
    <ignored/>
  </testcase> <!-- navigateToTest -->
  <testcase name="generateAlertTest" time="0.0" classname="testNGTesing.JavaScriptExecutorTest">
    <ignored/>
  </testcase> <!-- generateAlertTest -->
  <testcase name="displayURL" time="0.0" classname="testNGTesing.JavaScriptExecutorTest">
    <ignored/>
  </testcase> <!-- displayURL -->
  <testcase name="displayPageInnerText" time="0.0" classname="testNGTesing.JavaScriptExecutorTest">
    <ignored/>
  </testcase> <!-- displayPageInnerText -->
  <testcase name="refreshBrowserTest" time="0.0" classname="testNGTesing.JavaScriptExecutorTest">
    <ignored/>
  </testcase> <!-- refreshBrowserTest -->
  <testcase name="displayTitle" time="0.0" classname="testNGTesing.JavaScriptExecutorTest">
    <ignored/>
  </testcase> <!-- displayTitle -->
  <testcase name="scrollDownEOP" time="0.0" classname="testNGTesing.JavaScriptExecutorTest">
    <ignored/>
  </testcase> <!-- scrollDownEOP -->
</testsuite> <!-- Default test -->
