<?xml version="1.0" encoding="UTF-8"?>
<testng-results skipped="0" failed="0" ignored="15" total="16" passed="1">
  <reporter-output>
  </reporter-output>
  <suite name="Default suite" duration-ms="35245" started-at="2019-03-26T20:45:23Z" finished-at="2019-03-26T20:45:58Z">
    <groups>
    </groups>
    <test name="Default test" duration-ms="35245" started-at="2019-03-26T20:45:23Z" finished-at="2019-03-26T20:45:58Z">
      <class name="testNGTesing.JavaScriptExecutorTest">
        <test-method status="PASS" signature="setup()[pri:0, instance:testNGTesing.JavaScriptExecutorTest@17d0685f]" name="setup" is-config="true" duration-ms="6630" started-at="2019-03-26T20:45:23Z" finished-at="2019-03-26T20:45:29Z">
          <reporter-output>
          </reporter-output>
        </test-method> <!-- setup -->
        <test-method status="PASS" signature="writeText()[pri:0, instance:testNGTesing.JavaScriptExecutorTest@17d0685f]" name="writeText" duration-ms="28559" started-at="2019-03-26T20:45:29Z" finished-at="2019-03-26T20:45:58Z">
          <reporter-output>
          </reporter-output>
        </test-method> <!-- writeText -->
        <test-method status="PASS" signature="tearDown()[pri:0, instance:testNGTesing.JavaScriptExecutorTest@17d0685f]" name="tearDown" is-config="true" duration-ms="0" started-at="2019-03-26T20:45:58Z" finished-at="2019-03-26T20:45:58Z">
          <reporter-output>
          </reporter-output>
        </test-method> <!-- tearDown -->
      </class> <!-- testNGTesing.JavaScriptExecutorTest -->
    </test> <!-- Default test -->
  </suite> <!-- Default suite -->
</testng-results>
