<?xml version="1.0" encoding="UTF-8"?>
<testng-results skipped="1" failed="0" ignored="2" total="3" passed="0">
  <reporter-output>
  </reporter-output>
  <suite name="Default suite" duration-ms="99" started-at="2019-02-27T19:58:56Z" finished-at="2019-02-27T19:58:56Z">
    <groups>
    </groups>
    <test name="Default test" duration-ms="99" started-at="2019-02-27T19:58:56Z" finished-at="2019-02-27T19:58:56Z">
      <class name="testNGTesing.DDTestusingExcel_UsingExcelReadWrite_Methods">
        <test-method status="SKIP" signature="TestReadWriteForEachDataRow(java.lang.String, java.lang.Double)[pri:0, instance:testNGTesing.DDTestusingExcel_UsingExcelReadWrite_Methods@490ab905]" name="TestReadWriteForEachDataRow" duration-ms="0" started-at="2019-02-27T19:58:56Z" data-provider="data" finished-at="2019-02-27T19:58:56Z">
          <exception class="java.lang.RuntimeException">
            <message>
              <![CDATA[java.lang.NullPointerException]]>
            </message>
            <full-stacktrace>
              <![CDATA[java.lang.RuntimeException: java.lang.NullPointerException
at org.testng.internal.MethodInvocationHelper.invokeMethodNoCheckedException(MethodInvocationHelper.java:49)
at org.testng.internal.MethodInvocationHelper.invokeDataProvider(MethodInvocationHelper.java:131)
at org.testng.internal.Parameters.handleParameters(Parameters.java:706)
at org.testng.internal.ParameterHandler.handleParameters(ParameterHandler.java:49)
at org.testng.internal.ParameterHandler.createParameters(ParameterHandler.java:37)
at org.testng.internal.Invoker.invokeTestMethods(Invoker.java:924)
at org.testng.internal.TestMethodWorker.invokeTestMethods(TestMethodWorker.java:125)
at org.testng.internal.TestMethodWorker.run(TestMethodWorker.java:109)
at org.testng.TestRunner.privateRun(TestRunner.java:648)
at org.testng.TestRunner.run(TestRunner.java:505)
at org.testng.SuiteRunner.runTest(SuiteRunner.java:455)
at org.testng.SuiteRunner.runSequentially(SuiteRunner.java:450)
at org.testng.SuiteRunner.privateRun(SuiteRunner.java:415)
at org.testng.SuiteRunner.run(SuiteRunner.java:364)
at org.testng.SuiteRunnerWorker.runSuite(SuiteRunnerWorker.java:52)
at org.testng.SuiteRunnerWorker.run(SuiteRunnerWorker.java:84)
at org.testng.TestNG.runSuitesSequentially(TestNG.java:1208)
at org.testng.TestNG.runSuitesLocally(TestNG.java:1137)
at org.testng.TestNG.runSuites(TestNG.java:1049)
at org.testng.TestNG.run(TestNG.java:1017)
at org.testng.remote.AbstractRemoteTestNG.run(AbstractRemoteTestNG.java:114)
at org.testng.remote.RemoteTestNG.initAndRun(RemoteTestNG.java:251)
at org.testng.remote.RemoteTestNG.main(RemoteTestNG.java:77)
Caused by: java.lang.NullPointerException
at TestUtility.ExcelReadWrite_Methods.getRowCount(ExcelReadWrite_Methods.java:134)
at TestUtility.ExcelReadWrite_Methods.readExcelData(ExcelReadWrite_Methods.java:153)
at testNGTesing.DDTestusingExcel_UsingExcelReadWrite_Methods.testData(DDTestusingExcel_UsingExcelReadWrite_Methods.java:55)
at sun.reflect.NativeMethodAccessorImpl.invoke0(Native Method)
at sun.reflect.NativeMethodAccessorImpl.invoke(Unknown Source)
at sun.reflect.DelegatingMethodAccessorImpl.invoke(Unknown Source)
at java.lang.reflect.Method.invoke(Unknown Source)
at org.testng.internal.MethodInvocationHelper.invokeMethod(MethodInvocationHelper.java:124)
at org.testng.internal.MethodInvocationHelper.invokeMethod(MethodInvocationHelper.java:74)
at org.testng.internal.MethodInvocationHelper.invokeMethodNoCheckedException(MethodInvocationHelper.java:45)
... 22 more
]]>
            </full-stacktrace>
          </exception> <!-- java.lang.RuntimeException -->
          <reporter-output>
          </reporter-output>
        </test-method> <!-- TestReadWriteForEachDataRow -->
      </class> <!-- testNGTesing.DDTestusingExcel_UsingExcelReadWrite_Methods -->
    </test> <!-- Default test -->
  </suite> <!-- Default suite -->
</testng-results>
