<?xml version="1.0" encoding="UTF-8"?>
<!-- Generated by org.testng.reporters.JUnitXMLReporter -->
<testsuite hostname="CA-L1B8YL72" ignored="2" name="Test" tests="4" failures="0" timestamp="25 Feb 2019 16:16:52 GMT" time="0.136" errors="0">
  <testcase name="googleTittleTest" time="0.01" classname="testNGTesing.GoogleTest_Priority_Groups_Enabled"/>
  <testcase name="maillinkTest" time="0.0" classname="testNGTesing.GoogleTest_Priority_Groups_Enabled"/>
  <testcase name="test4" time="0.012" classname="testNGTesing.GoogleTest_Priority_Groups_Enabled"/>
  <testcase name="test6" time="0.004" classname="testNGTesing.GoogleTest_Priority_Groups_Enabled"/>
  <testcase name="googleLogoTest" time="0.0" classname="testNGTesing.GoogleTest_Priority_Groups_Enabled">
    <ignored/>
  </testcase> <!-- googleLogoTest -->
  <testcase name="test5" time="0.0" classname="testNGTesing.GoogleTest_Priority_Groups_Enabled">
    <ignored/>
  </testcase> <!-- test5 -->
</testsuite> <!-- Test -->
